<?xml version="1.0" encoding="UTF-8"?>
<coverage generated="1700881860128" clover="3.2.0">
  <project timestamp="1700881860128" name="All files">
    <metrics statements="23" coveredstatements="7" conditionals="4" coveredconditionals="0" methods="4" coveredmethods="1" elements="31" coveredelements="8" complexity="0" loc="23" ncloc="23" packages="1" files="1" classes="1"/>
    <file name="method.controller.jsx" path="C:\Users\Karen\OneDrive\Documentos\retosin\retoTecnicoS\reto-tecnico-ana-karen-morales\src\components\method.controller.jsx">
      <metrics statements="23" coveredstatements="7" conditionals="4" coveredconditionals="0" methods="4" coveredmethods="1"/>
      <line num="1" count="1" type="stmt"/>
      <line num="2" count="0" type="stmt"/>
      <line num="3" count="0" type="stmt"/>
      <line num="4" count="0" type="cond" truecount="0" falsecount="2"/>
      <line num="6" count="0" type="stmt"/>
      <line num="9" count="0" type="stmt"/>
      <line num="10" count="0" type="stmt"/>
      <line num="12" count="0" type="stmt"/>
      <line num="13" count="0" type="cond" truecount="0" falsecount="2"/>
      <line num="14" count="0" type="stmt"/>
      <line num="16" count="0" type="stmt"/>
      <line num="19" count="1" type="stmt"/>
      <line num="20" count="0" type="stmt"/>
      <line num="21" count="0" type="stmt"/>
      <line num="22" count="0" type="stmt"/>
      <line num="25" count="1" type="stmt"/>
      <line num="26" count="1" type="stmt"/>
      <line num="27" count="1" type="stmt"/>
      <line num="28" count="1" type="stmt"/>
      <line num="29" count="0" type="stmt"/>
      <line num="30" count="0" type="stmt"/>
      <line num="31" count="0" type="stmt"/>
      <line num="33" count="1" type="stmt"/>
    </file>
  </project>
</coverage>
