{"C:\\Users\\Karen\\OneDrive\\Documentos\\retosin\\retoTecnicoS\\reto-tecnico-ana-karen-morales\\src\\components\\method.controller.jsx": {"path":"C:\\Users\\Karen\\OneDrive\\Documentos\\retosin\\retoTecnicoS\\reto-tecnico-ana-karen-morales\\src\\components\\method.controller.jsx","statementMap":{"0":{"start":{"line":1,"column":31},"end":{"line":17,"column":1}},"1":{"start":{"line":2,"column":18},"end":{"line":7,"column":3}},"2":{"start":{"line":3,"column":4},"end":{"line":5,"column":5}},"3":{"start":{"line":3,"column":17},"end":{"line":3,"column":18}},"4":{"start":{"line":4,"column":6},"end":{"line":4,"column":38}},"5":{"start":{"line":4,"column":25},"end":{"line":4,"column":38}},"6":{"start":{"line":6,"column":4},"end":{"line":6,"column":19}},"7":{"start":{"line":9,"column":24},"end":{"line":9,"column":25}},"8":{"start":{"line":10,"column":20},"end":{"line":10,"column":21}},"9":{"start":{"line":12,"column":2},"end":{"line":15,"column":3}},"10":{"start":{"line":13,"column":4},"end":{"line":13,"column":48}},"11":{"start":{"line":13,"column":34},"end":{"line":13,"column":48}},"12":{"start":{"line":14,"column":4},"end":{"line":14,"column":22}},"13":{"start":{"line":16,"column":2},"end":{"line":16,"column":29}},"14":{"start":{"line":19,"column":36},"end":{"line":23,"column":1}},"15":{"start":{"line":20,"column":20},"end":{"line":20,"column":35}},"16":{"start":{"line":21,"column":17},"end":{"line":21,"column":50}},"17":{"start":{"line":22,"column":2},"end":{"line":22,"column":16}},"18":{"start":{"line":25,"column":35},"end":{"line":34,"column":1}},"19":{"start":{"line":26,"column":10},"end":{"line":26,"column":11}},"20":{"start":{"line":27,"column":10},"end":{"line":27,"column":11}},"21":{"start":{"line":28,"column":2},"end":{"line":32,"column":3}},"22":{"start":{"line":28,"column":15},"end":{"line":28,"column":16}},"23":{"start":{"line":29,"column":18},"end":{"line":29,"column":23}},"24":{"start":{"line":30,"column":4},"end":{"line":30,"column":10}},"25":{"start":{"line":31,"column":4},"end":{"line":31,"column":14}},"26":{"start":{"line":33,"column":2},"end":{"line":33,"column":11}}},"fnMap":{"0":{"name":"(anonymous_0)","decl":{"start":{"line":1,"column":31},"end":{"line":1,"column":32}},"loc":{"start":{"line":1,"column":48},"end":{"line":17,"column":1}},"line":1},"1":{"name":"(anonymous_1)","decl":{"start":{"line":2,"column":18},"end":{"line":2,"column":19}},"loc":{"start":{"line":2,"column":27},"end":{"line":7,"column":3}},"line":2},"2":{"name":"(anonymous_2)","decl":{"start":{"line":19,"column":36},"end":{"line":19,"column":37}},"loc":{"start":{"line":19,"column":53},"end":{"line":23,"column":1}},"line":19},"3":{"name":"(anonymous_3)","decl":{"start":{"line":25,"column":35},"end":{"line":25,"column":36}},"loc":{"start":{"line":25,"column":52},"end":{"line":34,"column":1}},"line":25}},"branchMap":{"0":{"loc":{"start":{"line":4,"column":6},"end":{"line":4,"column":38}},"type":"if","locations":[{"start":{"line":4,"column":6},"end":{"line":4,"column":38}},{"start":{},"end":{}}],"line":4},"1":{"loc":{"start":{"line":13,"column":4},"end":{"line":13,"column":48}},"type":"if","locations":[{"start":{"line":13,"column":4},"end":{"line":13,"column":48}},{"start":{},"end":{}}],"line":13}},"s":{"0":2,"1":11,"2":204,"3":204,"4":291,"5":120,"6":84,"7":11,"8":11,"9":11,"10":204,"11":84,"12":204,"13":11,"14":2,"15":11,"16":11,"17":11,"18":2,"19":11,"20":11,"21":11,"22":11,"23":45,"24":45,"25":45,"26":11},"f":{"0":11,"1":204,"2":11,"3":11},"b":{"0":[120,171],"1":[84,120]},"_coverageSchema":"1a1c01bbd47fc00a2c39e90264f33305004495a9","hash":"2015d653c28efdc62f99c9f80ad194689cae294c"}
,"C:\\Users\\Karen\\OneDrive\\Documentos\\retosin\\retoTecnicoS\\reto-tecnico-ana-karen-morales\\src\\components\\method.jsx": {"path":"C:\\Users\\Karen\\OneDrive\\Documentos\\retosin\\retoTecnicoS\\reto-tecnico-ana-karen-morales\\src\\components\\method.jsx","statementMap":{"0":{"start":{"line":9,"column":24},"end":{"line":9,"column":52}},"1":{"start":{"line":10,"column":29},"end":{"line":10,"column":62}},"2":{"start":{"line":11,"column":28},"end":{"line":11,"column":60}},"3":{"start":{"line":12,"column":4},"end":{"line":12,"column":76}}},"fnMap":{"0":{"name":"(anonymous_0)","decl":{"start":{"line":8,"column":2},"end":{"line":8,"column":3}},"loc":{"start":{"line":8,"column":38},"end":{"line":13,"column":3}},"line":8}},"branchMap":{},"s":{"0":10,"1":10,"2":10,"3":10},"f":{"0":10},"b":{},"_coverageSchema":"1a1c01bbd47fc00a2c39e90264f33305004495a9","hash":"45aa002718c4d3cfa51d912602418940bd9ef49e"}
}
