TN:
SF:src\components\method.controller.jsx
FN:1,(anonymous_0)
FN:2,(anonymous_1)
FN:19,(anonymous_2)
FN:25,(anonymous_3)
FNF:4
FNH:4
FNDA:11,(anonymous_0)
FNDA:204,(anonymous_1)
FNDA:11,(anonymous_2)
FNDA:11,(anonymous_3)
DA:1,2
DA:2,11
DA:3,204
DA:4,291
DA:6,84
DA:9,11
DA:10,11
DA:12,11
DA:13,204
DA:14,204
DA:16,11
DA:19,2
DA:20,11
DA:21,11
DA:22,11
DA:25,2
DA:26,11
DA:27,11
DA:28,11
DA:29,45
DA:30,45
DA:31,45
DA:33,11
LF:23
LH:23
BRDA:4,0,0,120
BRDA:4,0,1,171
BRDA:13,1,0,84
BRDA:13,1,1,120
BRF:4
BRH:4
end_of_record
TN:
SF:src\components\method.jsx
FN:8,(anonymous_0)
FNF:1
FNH:1
FNDA:10,(anonymous_0)
DA:9,10
DA:10,10
DA:11,10
DA:12,10
LF:4
LH:4
BRF:0
BRH:0
end_of_record
