<?xml version="1.0" encoding="UTF-8"?>
<coverage generated="1701068907024" clover="3.2.0">
  <project timestamp="1701068907025" name="All files">
    <metrics statements="27" coveredstatements="27" conditionals="4" coveredconditionals="4" methods="5" coveredmethods="5" elements="36" coveredelements="36" complexity="0" loc="27" ncloc="27" packages="1" files="2" classes="2"/>
    <file name="method.controller.jsx" path="C:\Users\Karen\OneDrive\Documentos\retosin\reto-KarenMorales\src\components\method.controller.jsx">
      <metrics statements="23" coveredstatements="23" conditionals="4" coveredconditionals="4" methods="4" coveredmethods="4"/>
      <line num="1" count="2" type="stmt"/>
      <line num="2" count="11" type="stmt"/>
      <line num="3" count="204" type="stmt"/>
      <line num="4" count="291" type="cond" truecount="2" falsecount="0"/>
      <line num="6" count="84" type="stmt"/>
      <line num="9" count="11" type="stmt"/>
      <line num="10" count="11" type="stmt"/>
      <line num="12" count="11" type="stmt"/>
      <line num="13" count="204" type="cond" truecount="2" falsecount="0"/>
      <line num="14" count="204" type="stmt"/>
      <line num="16" count="11" type="stmt"/>
      <line num="19" count="2" type="stmt"/>
      <line num="20" count="11" type="stmt"/>
      <line num="21" count="11" type="stmt"/>
      <line num="22" count="11" type="stmt"/>
      <line num="25" count="2" type="stmt"/>
      <line num="26" count="11" type="stmt"/>
      <line num="27" count="11" type="stmt"/>
      <line num="28" count="11" type="stmt"/>
      <line num="29" count="45" type="stmt"/>
      <line num="30" count="45" type="stmt"/>
      <line num="31" count="45" type="stmt"/>
      <line num="33" count="11" type="stmt"/>
    </file>
    <file name="method.jsx" path="C:\Users\Karen\OneDrive\Documentos\retosin\reto-KarenMorales\src\components\method.jsx">
      <metrics statements="4" coveredstatements="4" conditionals="0" coveredconditionals="0" methods="1" coveredmethods="1"/>
      <line num="9" count="10" type="stmt"/>
      <line num="10" count="10" type="stmt"/>
      <line num="11" count="10" type="stmt"/>
      <line num="12" count="10" type="stmt"/>
    </file>
  </project>
</coverage>
